{"numTotalTestSuites":2,"numPassedTestSuites":2,"numFailedTestSuites":0,"numPendingTestSuites":0,"numTotalTests":1,"numPassedTests":1,"numFailedTests":0,"numPendingTests":0,"numTodoTests":0,"snapshot":{"added":0,"failure":false,"filesAdded":0,"filesRemoved":0,"filesRemovedList":[],"filesUnmatched":0,"filesUpdated":0,"matched":0,"total":0,"unchecked":0,"uncheckedKeysByFile":[],"unmatched":0,"updated":0,"didUpdate":false},"startTime":1783277941911,"success":true,"testResults":[{"assertionResults":[{"ancestorTitles":["App"],"fullName":"App renders the page heading","status":"passed","title":"renders the page heading","duration":99.24208399999998,"failureMessages":[],"meta":{}}],"startTime":1783277942718,"endTime":1783277942817.2422,"status":"passed","message":"","name":"/Users/leiladaneshvar/Development/react-one-page-job-output/src/App.test.jsx"}]}